<?xml version="1.0" encoding="UTF-8"?>
<!-- Generated by org.testng.reporters.JUnitXMLReporter -->
<testsuite ignored="0" hostname="LAPTOP-A85LJTMK" failures="1" tests="5" name="Test" time="114.066" errors="0" timestamp="2025-05-20T20:35:17 IST">
  <testcase classname="testCases.TC003_LoginDDT" name="verify_loginDDT" time="14.58"/>
  <testcase classname="testCases.TC003_LoginDDT" name="verify_loginDDT" time="14.514">
    <failure type="java.lang.AssertionError" message="expected [true] but found [false]">
      <![CDATA[java.lang.AssertionError: expected [true] but found [false]
at testCases.TC003_LoginDDT.verify_loginDDT(TC003_LoginDDT.java:59)
at java.base/java.util.ArrayList.forEach(ArrayList.java:1596)
... Removed 29 stack frames]]>
    </failure>
  </testcase> <!-- verify_loginDDT -->
  <testcase classname="testCases.TC003_LoginDDT" name="verify_loginDDT" time="14.809"/>
  <testcase classname="testCases.TC003_LoginDDT" name="verify_loginDDT" time="15.094"/>
  <testcase classname="testCases.TC003_LoginDDT" name="verify_loginDDT" time="7.305"/>
</testsuite> <!-- Test -->
