<?xml version="1.0" encoding="UTF-8"?>
<testng-results ignored="0" total="2" passed="2" failed="0" skipped="0">
  <reporter-output>
  </reporter-output>
  <suite started-at="2025-05-21T19:41:48 IST" name="Suite" finished-at="2025-05-21T19:42:22 IST" duration-ms="33682">
    <groups>
    </groups>
    <test started-at="2025-05-21T19:41:48 IST" name="Test" finished-at="2025-05-21T19:42:22 IST" duration-ms="33682">
      <class name="testCases.TC002_LoginTest">
        <test-method is-config="true" signature="setUp(java.lang.String,java.lang.String)[pri:0, instance:testCases.TC002_LoginTest@512baff6]" started-at="2025-05-21T19:42:02 IST" name="setUp" finished-at="2025-05-21T19:42:19 IST" duration-ms="17297" status="PASS">
          <params>
            <param index="0">
              <value>
                <![CDATA[Windows]]>
              </value>
            </param>
            <param index="1">
              <value>
                <![CDATA[chrome]]>
              </value>
            </param>
          </params>
          <reporter-output>
          </reporter-output>
        </test-method> <!-- setUp -->
        <test-method signature="verify_login()[pri:0, instance:testCases.TC002_LoginTest@512baff6]" started-at="2025-05-21T19:42:19 IST" name="verify_login" finished-at="2025-05-21T19:42:21 IST" duration-ms="1965" status="PASS">
          <reporter-output>
          </reporter-output>
        </test-method> <!-- verify_login -->
        <test-method is-config="true" signature="tearDiwn()[pri:0, instance:testCases.TC002_LoginTest@512baff6]" started-at="2025-05-21T19:42:21 IST" name="tearDiwn" finished-at="2025-05-21T19:42:22 IST" duration-ms="274" status="PASS">
          <reporter-output>
          </reporter-output>
        </test-method> <!-- tearDiwn -->
      </class> <!-- testCases.TC002_LoginTest -->
      <class name="testCases.TC001_AccountRegistrationTest">
        <test-method is-config="true" signature="setUp(java.lang.String,java.lang.String)[pri:0, instance:testCases.TC001_AccountRegistrationTest@2bb3058]" started-at="2025-05-21T19:41:48 IST" name="setUp" finished-at="2025-05-21T19:41:58 IST" duration-ms="10315" status="PASS">
          <params>
            <param index="0">
              <value>
                <![CDATA[Windows]]>
              </value>
            </param>
            <param index="1">
              <value>
                <![CDATA[chrome]]>
              </value>
            </param>
          </params>
          <reporter-output>
          </reporter-output>
        </test-method> <!-- setUp -->
        <test-method signature="verify_account_registration()[pri:0, instance:testCases.TC001_AccountRegistrationTest@2bb3058]" started-at="2025-05-21T19:41:58 IST" name="verify_account_registration" finished-at="2025-05-21T19:42:02 IST" duration-ms="3338" status="PASS">
          <reporter-output>
          </reporter-output>
        </test-method> <!-- verify_account_registration -->
        <test-method is-config="true" signature="tearDiwn()[pri:0, instance:testCases.TC001_AccountRegistrationTest@2bb3058]" started-at="2025-05-21T19:42:02 IST" name="tearDiwn" finished-at="2025-05-21T19:42:02 IST" duration-ms="432" status="PASS">
          <reporter-output>
          </reporter-output>
        </test-method> <!-- tearDiwn -->
      </class> <!-- testCases.TC001_AccountRegistrationTest -->
    </test> <!-- Test -->
  </suite> <!-- Suite -->
</testng-results>
